2026/02/07 13:27:23 composite error: ERROR: syntax error at or near "NOT" (SQLSTATE 42601)
2026/02/07 13:27:23 composite error: ERROR: syntax error at or near "NOT" (SQLSTATE 42601)
2026/02/07 13:27:23 composite error: ERROR: syntax error at or near "NOT" (SQLSTATE 42601)
2026/02/07 13:27:23 composite error: ERROR: syntax error at or near "NOT" (SQLSTATE 42601)
2026/02/07 13:27:24 composite error: ERROR: syntax error at or near "NOT" (SQLSTATE 42601)
2026/02/07 13:27:24 composite error: ERROR: syntax error at or near "NOT" (SQLSTATE 42601)
2026/02/07 13:27:24 composite error: ERROR: syntax error at or near "NOT" (SQLSTATE 42601)
2026/02/07 13:27:24 composite error: ERROR: syntax error at or near "NOT" (SQLSTATE 42601)
2026/02/07 13:27:24 composite error: ERROR: syntax error at or near "NOT" (SQLSTATE 42601)
2026/02/07 13:27:25 composite error: ERROR: syntax error at or near "NOT" (SQLSTATE 42601)
2026/02/07 13:27:25 composite error: ERROR: syntax error at or near "NOT" (SQLSTATE 42601)
2026/02/07 13:27:25 composite error: ERROR: syntax error at or near "NOT" (SQLSTATE 42601)
2026/02/07 13:27:25 composite error: ERROR: syntax error at or near "NOT" (SQLSTATE 42601)
2026/02/07 13:27:25 composite error: ERROR: syntax error at or near "NOT" (SQLSTATE 42601)
2026/02/07 13:27:25 composite error: ERROR: syntax error at or near "NOT" (SQLSTATE 42601)
2026/02/07 13:27:26 composite error: ERROR: syntax error at or near "NOT" (SQLSTATE 42601)
2026/02/07 13:27:26 composite error: ERROR: syntax error at or near "NOT" (SQLSTATE 42601)
2026/02/07 13:27:26 composite error: ERROR: syntax error at or near "NOT" (SQLSTATE 42601)
2026/02/07 13:27:27 composite error: ERROR: syntax error at or near "NOT" (SQLSTATE 42601)
2026/02/07 13:27:27 composite error: ERROR: syntax error at or near "NOT" (SQLSTATE 42601)
2026/02/07 13:27:27 composite error: ERROR: syntax error at or near "NOT" (SQLSTATE 42601)
2026/02/07 13:27:27 composite error: ERROR: syntax error at or near "NOT" (SQLSTATE 42601)
2026/02/07 13:27:27 composite error: ERROR: syntax error at or near "NOT" (SQLSTATE 42601)
2026/02/07 13:27:27 composite error: ERROR: syntax error at or near "NOT" (SQLSTATE 42601)
2026/02/07 13:27:27 composite error: ERROR: syntax error at or near "NOT" (SQLSTATE 42601)
2026/02/07 13:27:28 composite error: ERROR: syntax error at or near "NOT" (SQLSTATE 42601)
2026/02/07 13:31:43 composite error: ERROR: syntax error at or near "NOT" (SQLSTATE 42601)
2026/02/07 13:31:44 composite error: ERROR: syntax error at or near "NOT" (SQLSTATE 42601)
2026/02/07 13:31:44 composite error: ERROR: syntax error at or near "NOT" (SQLSTATE 42601)
2026/02/07 13:31:44 composite error: ERROR: syntax error at or near "NOT" (SQLSTATE 42601)
2026/02/07 13:31:44 composite error: ERROR: syntax error at or near "NOT" (SQLSTATE 42601)
2026/02/07 13:31:44 composite error: ERROR: syntax error at or near "NOT" (SQLSTATE 42601)
2026/02/07 13:31:44 composite error: ERROR: syntax error at or near "NOT" (SQLSTATE 42601)
2026/02/07 13:31:45 composite error: ERROR: syntax error at or near "NOT" (SQLSTATE 42601)
2026/02/07 13:31:45 composite error: ERROR: syntax error at or near "NOT" (SQLSTATE 42601)
2026/02/07 13:31:45 composite error: ERROR: syntax error at or near "NOT" (SQLSTATE 42601)
2026/02/07 13:31:45 composite error: ERROR: syntax error at or near "NOT" (SQLSTATE 42601)
2026/02/07 13:31:45 composite error: ERROR: syntax error at or near "NOT" (SQLSTATE 42601)
2026/02/07 13:31:45 composite error: ERROR: syntax error at or near "NOT" (SQLSTATE 42601)
2026/02/07 13:31:45 composite error: ERROR: syntax error at or near "NOT" (SQLSTATE 42601)
2026/02/07 13:31:46 composite error: ERROR: syntax error at or near "NOT" (SQLSTATE 42601)
2026/02/07 13:31:46 composite error: ERROR: syntax error at or near "NOT" (SQLSTATE 42601)
2026/02/07 13:31:46 composite error: ERROR: syntax error at or near "NOT" (SQLSTATE 42601)
2026/02/07 13:31:46 composite error: ERROR: syntax error at or near "NOT" (SQLSTATE 42601)
2026/02/07 13:31:46 composite error: ERROR: syntax error at or near "NOT" (SQLSTATE 42601)
2026/02/07 13:31:46 composite error: ERROR: syntax error at or near "NOT" (SQLSTATE 42601)
2026/02/07 13:31:47 composite error: ERROR: syntax error at or near "NOT" (SQLSTATE 42601)
2026/02/07 13:31:47 composite error: ERROR: syntax error at or near "NOT" (SQLSTATE 42601)
2026/02/07 13:31:47 composite error: ERROR: syntax error at or near "NOT" (SQLSTATE 42601)
2026/02/07 13:31:47 composite error: ERROR: syntax error at or near "NOT" (SQLSTATE 42601)
2026/02/07 13:31:47 composite error: ERROR: syntax error at or near "NOT" (SQLSTATE 42601)
2026/02/07 13:31:47 composite error: ERROR: syntax error at or near "NOT" (SQLSTATE 42601)
2026/02/07 13:31:48 migration failed: ERROR: relation "albums_id_seq" does not exist (SQLSTATE 42P01)
2026/02/07 13:32:24 composite error: ERROR: syntax error at or near "NOT" (SQLSTATE 42601)
2026/02/07 13:32:25 composite error: ERROR: syntax error at or near "NOT" (SQLSTATE 42601)
2026/02/07 13:32:25 composite error: ERROR: syntax error at or near "NOT" (SQLSTATE 42601)
2026/02/07 13:32:25 composite error: ERROR: syntax error at or near "NOT" (SQLSTATE 42601)
2026/02/07 13:32:25 composite error: ERROR: syntax error at or near "NOT" (SQLSTATE 42601)
2026/02/07 13:32:25 composite error: ERROR: syntax error at or near "NOT" (SQLSTATE 42601)
2026/02/07 13:32:26 composite error: ERROR: syntax error at or near "NOT" (SQLSTATE 42601)
2026/02/07 13:32:26 composite error: ERROR: syntax error at or near "NOT" (SQLSTATE 42601)
2026/02/07 13:32:26 composite error: ERROR: syntax error at or near "NOT" (SQLSTATE 42601)
2026/02/07 13:32:26 composite error: ERROR: syntax error at or near "NOT" (SQLSTATE 42601)
2026/02/07 13:32:26 composite error: ERROR: syntax error at or near "NOT" (SQLSTATE 42601)
2026/02/07 13:32:26 composite error: ERROR: syntax error at or near "NOT" (SQLSTATE 42601)
2026/02/07 13:32:26 composite error: ERROR: syntax error at or near "NOT" (SQLSTATE 42601)
2026/02/07 13:32:27 composite error: ERROR: syntax error at or near "NOT" (SQLSTATE 42601)
2026/02/07 13:32:27 composite error: ERROR: syntax error at or near "NOT" (SQLSTATE 42601)
2026/02/07 13:32:27 composite error: ERROR: syntax error at or near "NOT" (SQLSTATE 42601)
2026/02/07 13:32:27 composite error: ERROR: syntax error at or near "NOT" (SQLSTATE 42601)
2026/02/07 13:32:27 composite error: ERROR: syntax error at or near "NOT" (SQLSTATE 42601)
2026/02/07 13:32:27 composite error: ERROR: syntax error at or near "NOT" (SQLSTATE 42601)
2026/02/07 13:32:28 composite error: ERROR: syntax error at or near "NOT" (SQLSTATE 42601)
2026/02/07 13:32:28 composite error: ERROR: syntax error at or near "NOT" (SQLSTATE 42601)
2026/02/07 13:32:28 composite error: ERROR: syntax error at or near "NOT" (SQLSTATE 42601)
2026/02/07 13:32:28 composite error: ERROR: syntax error at or near "NOT" (SQLSTATE 42601)
2026/02/07 13:32:28 composite error: ERROR: syntax error at or near "NOT" (SQLSTATE 42601)
2026/02/07 13:32:28 composite error: ERROR: syntax error at or near "NOT" (SQLSTATE 42601)
2026/02/07 13:32:28 composite error: ERROR: syntax error at or near "NOT" (SQLSTATE 42601)
2026/02/07 13:32:29 migration failed: ERROR: relation "albums_id_seq" does not exist (SQLSTATE 42P01)
2026/02/07 15:01:42 composite error: ERROR: type "album_posts" already exists (SQLSTATE 42710)
2026/02/07 15:01:55 table public.groups failed: ERROR: "groups" is not a table (SQLSTATE 42809)
2026/02/07 15:01:55 table public.albums failed: ERROR: "albums" is not a table (SQLSTATE 42809)
2026/02/07 15:01:55 table public.group_members failed: ERROR: "group_members" is not a table (SQLSTATE 42809)
2026/02/07 15:01:55 table public.notification_settings failed: ERROR: "notification_settings" is not a table (SQLSTATE 42809)
2026/02/07 15:01:55 table public.invites failed: ERROR: "invites" is not a table (SQLSTATE 42809)
2026/02/07 15:01:55 table public.notifications failed: ERROR: "notifications" is not a table (SQLSTATE 42809)
2026/02/07 15:01:55 table public.photos failed: ERROR: "photos" is not a table (SQLSTATE 42809)
2026/02/07 15:01:56 table public.post_tags failed: ERROR: "post_tags" is not a table (SQLSTATE 42809)
2026/02/07 15:01:56 table public.post_likes failed: ERROR: "post_likes" is not a table (SQLSTATE 42809)
2026/02/07 15:01:56 table public.post_comments failed: ERROR: "post_comments" is not a table (SQLSTATE 42809)
2026/02/07 15:01:56 table public.post_photos failed: ERROR: "post_photos" is not a table (SQLSTATE 42809)
2026/02/07 15:01:56 table public.posts failed: ERROR: "posts" is not a table (SQLSTATE 42809)
2026/02/07 15:01:56 table public.tags failed: ERROR: "tags" is not a table (SQLSTATE 42809)
2026/02/07 15:01:56 table public.trip_albums failed: ERROR: "trip_albums" is not a table (SQLSTATE 42809)
2026/02/07 15:01:56 table public.trip_budget_items failed: ERROR: "trip_budget_items" is not a table (SQLSTATE 42809)
2026/02/07 15:01:57 table public.trip_expenses failed: ERROR: "trip_expenses" is not a table (SQLSTATE 42809)
2026/02/07 15:01:57 table public.trip_lodgings failed: ERROR: "trip_lodgings" is not a table (SQLSTATE 42809)
2026/02/07 15:01:57 table public.trip_itineraries failed: ERROR: "trip_itineraries" is not a table (SQLSTATE 42809)
2026/02/07 15:01:57 table public.trip_posts failed: ERROR: "trip_posts" is not a table (SQLSTATE 42809)
2026/02/07 15:01:57 table public.trip_schedule_items failed: ERROR: "trip_schedule_items" is not a table (SQLSTATE 42809)
2026/02/07 15:01:57 table public.trip_transports failed: ERROR: "trip_transports" is not a table (SQLSTATE 42809)
2026/02/07 15:01:57 table public.trip_wishlists failed: ERROR: "trip_wishlists" is not a table (SQLSTATE 42809)
2026/02/07 15:01:57 table public.trips failed: ERROR: "trips" is not a table (SQLSTATE 42809)
2026/02/07 15:01:58 table public.users failed: ERROR: "users" is not a table (SQLSTATE 42809)
2026/02/07 15:01:58 table public.web_push_subscriptions failed: ERROR: "web_push_subscriptions" is not a table (SQLSTATE 42809)
2026/02/07 15:02:03 index error: ERROR: cannot open relation "albums" (SQLSTATE 42809)
2026/02/07 15:02:03 index error: ERROR: cannot open relation "albums" (SQLSTATE 42809)
2026/02/07 15:02:03 index error: ERROR: cannot open relation "group_members" (SQLSTATE 42809)
2026/02/07 15:02:03 index error: ERROR: cannot open relation "invites" (SQLSTATE 42809)
2026/02/07 15:02:03 index error: ERROR: cannot open relation "groups" (SQLSTATE 42809)
2026/02/07 15:02:03 index error: ERROR: cannot open relation "invites" (SQLSTATE 42809)
2026/02/07 15:02:03 index error: ERROR: cannot open relation "invites" (SQLSTATE 42809)
2026/02/07 15:02:03 index error: ERROR: cannot open relation "invites" (SQLSTATE 42809)
2026/02/07 15:02:03 index error: ERROR: cannot open relation "notification_settings" (SQLSTATE 42809)
2026/02/07 15:02:03 index error: ERROR: cannot open relation "notifications" (SQLSTATE 42809)
2026/02/07 15:02:03 index error: ERROR: cannot open relation "photos" (SQLSTATE 42809)
2026/02/07 15:02:03 index error: ERROR: cannot open relation "notifications" (SQLSTATE 42809)
2026/02/07 15:02:03 index error: ERROR: cannot open relation "photos" (SQLSTATE 42809)
2026/02/07 15:02:03 index error: ERROR: cannot open relation "photos" (SQLSTATE 42809)
2026/02/07 15:02:03 index error: ERROR: cannot open relation "notification_settings" (SQLSTATE 42809)
2026/02/07 15:02:03 index error: ERROR: cannot open relation "photos" (SQLSTATE 42809)
2026/02/07 15:02:04 index error: ERROR: cannot open relation "post_comments" (SQLSTATE 42809)
2026/02/07 15:02:04 index error: ERROR: cannot open relation "post_comments" (SQLSTATE 42809)
2026/02/07 15:02:04 index error: ERROR: cannot open relation "post_likes" (SQLSTATE 42809)
2026/02/07 15:02:04 index error: ERROR: cannot open relation "tags" (SQLSTATE 42809)
2026/02/07 15:02:04 index error: ERROR: cannot open relation "post_photos" (SQLSTATE 42809)
2026/02/07 15:02:04 index error: ERROR: cannot open relation "posts" (SQLSTATE 42809)
2026/02/07 15:02:04 index error: ERROR: cannot open relation "posts" (SQLSTATE 42809)
2026/02/07 15:02:04 index error: ERROR: cannot open relation "post_tags" (SQLSTATE 42809)
2026/02/07 15:02:04 index error: ERROR: cannot open relation "tags" (SQLSTATE 42809)
2026/02/07 15:02:04 index error: ERROR: cannot open relation "trip_albums" (SQLSTATE 42809)
2026/02/07 15:02:04 index error: ERROR: cannot open relation "trip_expenses" (SQLSTATE 42809)
2026/02/07 15:02:04 index error: ERROR: cannot open relation "trip_expenses" (SQLSTATE 42809)
2026/02/07 15:02:04 index error: ERROR: cannot open relation "trip_budget_items" (SQLSTATE 42809)
2026/02/07 15:02:04 index error: ERROR: cannot open relation "trip_budget_items" (SQLSTATE 42809)
2026/02/07 15:02:04 index error: ERROR: cannot open relation "trip_itineraries" (SQLSTATE 42809)
2026/02/07 15:02:04 index error: ERROR: cannot open relation "trip_itineraries" (SQLSTATE 42809)
2026/02/07 15:02:04 index error: ERROR: cannot open relation "trip_lodgings" (SQLSTATE 42809)
2026/02/07 15:02:04 index error: ERROR: cannot open relation "trip_lodgings" (SQLSTATE 42809)
2026/02/07 15:02:04 index error: ERROR: cannot open relation "trip_schedule_items" (SQLSTATE 42809)
2026/02/07 15:02:04 index error: ERROR: cannot open relation "trip_posts" (SQLSTATE 42809)
2026/02/07 15:02:04 index error: ERROR: cannot open relation "trip_schedule_items" (SQLSTATE 42809)
2026/02/07 15:02:04 index error: ERROR: cannot open relation "trip_schedule_items" (SQLSTATE 42809)
2026/02/07 15:02:04 index error: ERROR: cannot open relation "trip_transports" (SQLSTATE 42809)
2026/02/07 15:02:04 index error: ERROR: cannot open relation "trip_transports" (SQLSTATE 42809)
2026/02/07 15:02:04 index error: ERROR: cannot open relation "trip_wishlists" (SQLSTATE 42809)
2026/02/07 15:02:04 index error: ERROR: cannot open relation "trip_wishlists" (SQLSTATE 42809)
2026/02/07 15:02:04 index error: ERROR: cannot open relation "trips" (SQLSTATE 42809)
2026/02/07 15:02:04 index error: ERROR: cannot open relation "trips" (SQLSTATE 42809)
2026/02/07 15:02:04 index error: ERROR: cannot open relation "users" (SQLSTATE 42809)
2026/02/07 15:02:04 index error: ERROR: cannot open relation "users" (SQLSTATE 42809)
2026/02/07 15:02:04 index error: ERROR: cannot open relation "users" (SQLSTATE 42809)
2026/02/07 15:02:04 index error: ERROR: cannot open relation "users" (SQLSTATE 42809)
2026/02/07 15:02:04 index error: ERROR: cannot open relation "web_push_subscriptions" (SQLSTATE 42809)
2026/02/07 15:02:04 index error: ERROR: cannot open relation "web_push_subscriptions" (SQLSTATE 42809)
2026/02/07 15:02:10 constraint error: ERROR: relation "album_posts_pkey" already exists (SQLSTATE 42P07)
2026/02/07 15:02:10 constraint error: ERROR: "invites" is a composite type (SQLSTATE 42809)
2026/02/07 15:02:10 constraint error: ERROR: "albums" is a composite type (SQLSTATE 42809)
2026/02/07 15:02:10 constraint error: ERROR: "notification_settings" is a composite type (SQLSTATE 42809)
2026/02/07 15:02:10 constraint error: ERROR: "notifications" is a composite type (SQLSTATE 42809)
2026/02/07 15:02:10 constraint error: ERROR: "groups" is a composite type (SQLSTATE 42809)
2026/02/07 15:02:10 constraint error: ERROR: "group_members" is a composite type (SQLSTATE 42809)
2026/02/07 15:02:10 constraint error: ERROR: "photos" is a composite type (SQLSTATE 42809)
2026/02/07 15:02:10 constraint error: ERROR: "post_comments" is a composite type (SQLSTATE 42809)
2026/02/07 15:02:10 constraint error: ERROR: "post_photos" is a composite type (SQLSTATE 42809)
2026/02/07 15:02:10 constraint error: ERROR: "trip_albums" is a composite type (SQLSTATE 42809)
2026/02/07 15:02:10 constraint error: ERROR: "post_likes" is a composite type (SQLSTATE 42809)
2026/02/07 15:02:10 constraint error: ERROR: "tags" is a composite type (SQLSTATE 42809)
2026/02/07 15:02:10 constraint error: ERROR: "post_tags" is a composite type (SQLSTATE 42809)
2026/02/07 15:02:10 constraint error: ERROR: "posts" is a composite type (SQLSTATE 42809)
2026/02/07 15:02:10 constraint error: ERROR: "trip_budget_items" is a composite type (SQLSTATE 42809)
2026/02/07 15:02:10 constraint error: ERROR: "trip_expenses" is a composite type (SQLSTATE 42809)
2026/02/07 15:02:10 constraint error: ERROR: "trip_lodgings" is a composite type (SQLSTATE 42809)
2026/02/07 15:02:10 constraint error: ERROR: "trip_wishlists" is a composite type (SQLSTATE 42809)
2026/02/07 15:02:10 constraint error: ERROR: "trip_itineraries" is a composite type (SQLSTATE 42809)
2026/02/07 15:02:10 constraint error: ERROR: "trip_posts" is a composite type (SQLSTATE 42809)
2026/02/07 15:02:10 constraint error: ERROR: "trip_schedule_items" is a composite type (SQLSTATE 42809)
2026/02/07 15:02:10 constraint error: ERROR: "trip_transports" is a composite type (SQLSTATE 42809)
2026/02/07 15:02:10 constraint error: ERROR: "users" is a composite type (SQLSTATE 42809)
2026/02/07 15:02:10 constraint error: ERROR: "trips" is a composite type (SQLSTATE 42809)
2026/02/07 15:02:10 constraint error: ERROR: "web_push_subscriptions" is a composite type (SQLSTATE 42809)
2026/02/07 15:02:11 sequence def error: ERROR: function pg_get_sequence_def(regclass) does not exist (SQLSTATE 42883)
2026/02/07 15:02:11 sequence def error: ERROR: function pg_get_sequence_def(regclass) does not exist (SQLSTATE 42883)
2026/02/07 15:02:11 sequence def error: ERROR: function pg_get_sequence_def(regclass) does not exist (SQLSTATE 42883)
2026/02/07 15:02:11 sequence def error: ERROR: function pg_get_sequence_def(regclass) does not exist (SQLSTATE 42883)
2026/02/07 15:02:11 sequence def error: ERROR: function pg_get_sequence_def(regclass) does not exist (SQLSTATE 42883)
2026/02/07 15:02:11 sequence def error: ERROR: function pg_get_sequence_def(regclass) does not exist (SQLSTATE 42883)
2026/02/07 15:02:11 sequence def error: ERROR: function pg_get_sequence_def(regclass) does not exist (SQLSTATE 42883)
2026/02/07 15:02:11 sequence def error: ERROR: function pg_get_sequence_def(regclass) does not exist (SQLSTATE 42883)
2026/02/07 15:02:12 sequence def error: ERROR: function pg_get_sequence_def(regclass) does not exist (SQLSTATE 42883)
2026/02/07 15:02:12 sequence def error: ERROR: function pg_get_sequence_def(regclass) does not exist (SQLSTATE 42883)
2026/02/07 15:02:12 sequence def error: ERROR: function pg_get_sequence_def(regclass) does not exist (SQLSTATE 42883)
2026/02/07 15:02:12 sequence def error: ERROR: function pg_get_sequence_def(regclass) does not exist (SQLSTATE 42883)
2026/02/07 15:02:12 sequence def error: ERROR: function pg_get_sequence_def(regclass) does not exist (SQLSTATE 42883)
2026/02/07 15:02:12 sequence def error: ERROR: function pg_get_sequence_def(regclass) does not exist (SQLSTATE 42883)
2026/02/07 15:02:12 sequence def error: ERROR: function pg_get_sequence_def(regclass) does not exist (SQLSTATE 42883)
2026/02/07 15:02:12 sequence def error: ERROR: function pg_get_sequence_def(regclass) does not exist (SQLSTATE 42883)
2026/02/07 15:02:13 sequence def error: ERROR: function pg_get_sequence_def(regclass) does not exist (SQLSTATE 42883)
2026/02/07 15:02:13 sequence def error: ERROR: function pg_get_sequence_def(regclass) does not exist (SQLSTATE 42883)
2026/02/07 15:02:13 sequence def error: ERROR: function pg_get_sequence_def(regclass) does not exist (SQLSTATE 42883)
2026/02/07 15:07:36 composite error: ERROR: type "web_push_subscriptions" already exists (SQLSTATE 42710)
2026/02/07 15:07:36 composite error: ERROR: type "invites" already exists (SQLSTATE 42710)
2026/02/07 15:07:36 composite error: ERROR: type "notifications" already exists (SQLSTATE 42710)
2026/02/07 15:07:36 composite error: ERROR: type "photos" already exists (SQLSTATE 42710)
2026/02/07 15:07:37 composite error: ERROR: type "post_tags" already exists (SQLSTATE 42710)
2026/02/07 15:07:37 composite error: ERROR: type "trip_albums" already exists (SQLSTATE 42710)
2026/02/07 15:07:37 composite error: ERROR: type "trip_budget_items" already exists (SQLSTATE 42710)
2026/02/07 15:07:37 composite error: ERROR: type "trip_expenses" already exists (SQLSTATE 42710)
2026/02/07 15:07:37 composite error: ERROR: type "trip_itineraries" already exists (SQLSTATE 42710)
2026/02/07 15:07:37 composite error: ERROR: type "groups" already exists (SQLSTATE 42710)
2026/02/07 15:07:37 composite error: ERROR: type "post_photos" already exists (SQLSTATE 42710)
2026/02/07 15:07:37 composite error: ERROR: type "tags" already exists (SQLSTATE 42710)
2026/02/07 15:07:38 composite error: ERROR: type "trip_lodgings" already exists (SQLSTATE 42710)
2026/02/07 15:07:38 composite error: ERROR: type "trip_posts" already exists (SQLSTATE 42710)
2026/02/07 15:07:38 composite error: ERROR: type "trip_transports" already exists (SQLSTATE 42710)
2026/02/07 15:07:38 composite error: ERROR: type "trips" already exists (SQLSTATE 42710)
2026/02/07 15:07:38 composite error: ERROR: type "users" already exists (SQLSTATE 42710)
2026/02/07 15:07:38 composite error: ERROR: type "album_posts" already exists (SQLSTATE 42710)
2026/02/07 15:07:38 composite error: ERROR: type "albums" already exists (SQLSTATE 42710)
2026/02/07 15:07:38 composite error: ERROR: type "notification_settings" already exists (SQLSTATE 42710)
2026/02/07 15:07:38 composite error: ERROR: type "post_comments" already exists (SQLSTATE 42710)
2026/02/07 15:07:39 composite error: ERROR: type "group_members" already exists (SQLSTATE 42710)
2026/02/07 15:07:39 composite error: ERROR: type "post_likes" already exists (SQLSTATE 42710)
2026/02/07 15:07:39 composite error: ERROR: type "posts" already exists (SQLSTATE 42710)
2026/02/07 15:07:39 composite error: ERROR: type "trip_schedule_items" already exists (SQLSTATE 42710)
2026/02/07 15:07:39 composite error: ERROR: type "trip_wishlists" already exists (SQLSTATE 42710)
2026/02/07 15:07:40 migration failed: ERROR: "albums" is not a table (SQLSTATE 42809)
2026/02/07 15:14:58 composite error: ERROR: type "post_photos" already exists (SQLSTATE 42710)
2026/02/07 15:14:58 composite error: ERROR: type "tags" already exists (SQLSTATE 42710)
2026/02/07 15:14:58 composite error: ERROR: type "trip_posts" already exists (SQLSTATE 42710)
2026/02/07 15:14:58 composite error: ERROR: type "web_push_subscriptions" already exists (SQLSTATE 42710)
2026/02/07 15:14:58 composite error: ERROR: type "album_posts" already exists (SQLSTATE 42710)
2026/02/07 15:14:58 composite error: ERROR: type "invites" already exists (SQLSTATE 42710)
2026/02/07 15:14:58 composite error: ERROR: type "notification_settings" already exists (SQLSTATE 42710)
2026/02/07 15:14:59 composite error: ERROR: type "notifications" already exists (SQLSTATE 42710)
2026/02/07 15:14:59 composite error: ERROR: type "post_comments" already exists (SQLSTATE 42710)
2026/02/07 15:14:59 composite error: ERROR: type "trip_expenses" already exists (SQLSTATE 42710)
2026/02/07 15:14:59 composite error: ERROR: type "trip_itineraries" already exists (SQLSTATE 42710)
2026/02/07 15:14:59 composite error: ERROR: type "groups" already exists (SQLSTATE 42710)
2026/02/07 15:14:59 composite error: ERROR: type "post_likes" already exists (SQLSTATE 42710)
2026/02/07 15:14:59 composite error: ERROR: type "trip_albums" already exists (SQLSTATE 42710)
2026/02/07 15:14:59 composite error: ERROR: type "trip_budget_items" already exists (SQLSTATE 42710)
2026/02/07 15:15:00 composite error: ERROR: type "trip_lodgings" already exists (SQLSTATE 42710)
2026/02/07 15:15:00 composite error: ERROR: type "trip_schedule_items" already exists (SQLSTATE 42710)
2026/02/07 15:15:00 composite error: ERROR: type "trip_transports" already exists (SQLSTATE 42710)
2026/02/07 15:15:00 composite error: ERROR: type "trip_wishlists" already exists (SQLSTATE 42710)
2026/02/07 15:15:00 composite error: ERROR: type "photos" already exists (SQLSTATE 42710)
2026/02/07 15:15:00 composite error: ERROR: type "post_tags" already exists (SQLSTATE 42710)
2026/02/07 15:15:01 composite error: ERROR: type "posts" already exists (SQLSTATE 42710)
2026/02/07 15:15:01 composite error: ERROR: type "trips" already exists (SQLSTATE 42710)
2026/02/07 15:15:01 composite error: ERROR: type "users" already exists (SQLSTATE 42710)
2026/02/07 15:15:01 composite error: ERROR: type "albums" already exists (SQLSTATE 42710)
2026/02/07 15:15:01 composite error: ERROR: type "group_members" already exists (SQLSTATE 42710)
2026/02/07 15:15:02 migration failed: can't scan into dest[0]: cannot scan char (OID 18) in binary format into *string
2026/02/07 15:17:30 composite error: ERROR: type "groups" already exists (SQLSTATE 42710)
2026/02/07 15:17:30 composite error: ERROR: type "invites" already exists (SQLSTATE 42710)
2026/02/07 15:17:30 composite error: ERROR: type "post_tags" already exists (SQLSTATE 42710)
2026/02/07 15:17:30 composite error: ERROR: type "trip_lodgings" already exists (SQLSTATE 42710)
2026/02/07 15:17:30 composite error: ERROR: type "trip_schedule_items" already exists (SQLSTATE 42710)
2026/02/07 15:17:30 composite error: ERROR: type "web_push_subscriptions" already exists (SQLSTATE 42710)
2026/02/07 15:17:30 composite error: ERROR: type "post_comments" already exists (SQLSTATE 42710)
2026/02/07 15:17:31 composite error: ERROR: type "tags" already exists (SQLSTATE 42710)
2026/02/07 15:17:31 composite error: ERROR: type "trip_wishlists" already exists (SQLSTATE 42710)
2026/02/07 15:17:31 composite error: ERROR: type "users" already exists (SQLSTATE 42710)
2026/02/07 15:17:31 composite error: ERROR: type "notifications" already exists (SQLSTATE 42710)
2026/02/07 15:17:31 composite error: ERROR: type "photos" already exists (SQLSTATE 42710)
2026/02/07 15:17:31 composite error: ERROR: type "post_likes" already exists (SQLSTATE 42710)
2026/02/07 15:17:31 composite error: ERROR: type "post_photos" already exists (SQLSTATE 42710)
2026/02/07 15:17:32 composite error: ERROR: type "trip_albums" already exists (SQLSTATE 42710)
2026/02/07 15:17:32 composite error: ERROR: type "trip_itineraries" already exists (SQLSTATE 42710)
2026/02/07 15:17:32 composite error: ERROR: type "trip_posts" already exists (SQLSTATE 42710)
2026/02/07 15:17:32 composite error: ERROR: type "trip_transports" already exists (SQLSTATE 42710)
2026/02/07 15:17:32 composite error: ERROR: type "album_posts" already exists (SQLSTATE 42710)
2026/02/07 15:17:32 composite error: ERROR: type "albums" already exists (SQLSTATE 42710)
2026/02/07 15:17:32 composite error: ERROR: type "group_members" already exists (SQLSTATE 42710)
2026/02/07 15:17:32 composite error: ERROR: type "notification_settings" already exists (SQLSTATE 42710)
2026/02/07 15:17:33 composite error: ERROR: type "posts" already exists (SQLSTATE 42710)
2026/02/07 15:17:33 composite error: ERROR: type "trip_budget_items" already exists (SQLSTATE 42710)
2026/02/07 15:17:33 composite error: ERROR: type "trip_expenses" already exists (SQLSTATE 42710)
2026/02/07 15:17:33 composite error: ERROR: type "trips" already exists (SQLSTATE 42710)
2026/02/07 15:17:34 migration failed: public.albums is not a table (relkind=c)
2026/02/07 15:35:43 composite error: ERROR: type "photos" already exists (SQLSTATE 42710)
2026/02/07 15:35:43 composite error: ERROR: type "post_tags" already exists (SQLSTATE 42710)
2026/02/07 15:35:43 composite error: ERROR: type "albums" already exists (SQLSTATE 42710)
2026/02/07 15:35:43 composite error: ERROR: type "groups" already exists (SQLSTATE 42710)
2026/02/07 15:35:43 composite error: ERROR: type "trip_expenses" already exists (SQLSTATE 42710)
2026/02/07 15:35:43 composite error: ERROR: type "trip_posts" already exists (SQLSTATE 42710)
2026/02/07 15:35:43 composite error: ERROR: type "trip_schedule_items" already exists (SQLSTATE 42710)
2026/02/07 15:35:43 composite error: ERROR: type "trip_transports" already exists (SQLSTATE 42710)
2026/02/07 15:35:44 composite error: ERROR: type "tags" already exists (SQLSTATE 42710)
2026/02/07 15:35:44 composite error: ERROR: type "invites" already exists (SQLSTATE 42710)
2026/02/07 15:35:44 composite error: ERROR: type "notification_settings" already exists (SQLSTATE 42710)
2026/02/07 15:35:44 composite error: ERROR: type "post_comments" already exists (SQLSTATE 42710)
2026/02/07 15:35:44 composite error: ERROR: type "post_likes" already exists (SQLSTATE 42710)
2026/02/07 15:35:44 composite error: ERROR: type "trip_lodgings" already exists (SQLSTATE 42710)
2026/02/07 15:35:44 composite error: ERROR: type "trip_wishlists" already exists (SQLSTATE 42710)
2026/02/07 15:35:45 composite error: ERROR: type "trips" already exists (SQLSTATE 42710)
2026/02/07 15:35:45 composite error: ERROR: type "notifications" already exists (SQLSTATE 42710)
2026/02/07 15:35:45 composite error: ERROR: type "post_photos" already exists (SQLSTATE 42710)
2026/02/07 15:35:45 composite error: ERROR: type "trip_albums" already exists (SQLSTATE 42710)
2026/02/07 15:35:45 composite error: ERROR: type "trip_budget_items" already exists (SQLSTATE 42710)
2026/02/07 15:35:45 composite error: ERROR: type "trip_itineraries" already exists (SQLSTATE 42710)
2026/02/07 15:35:45 composite error: ERROR: type "users" already exists (SQLSTATE 42710)
2026/02/07 15:35:45 composite error: ERROR: type "web_push_subscriptions" already exists (SQLSTATE 42710)
2026/02/07 15:35:46 composite error: ERROR: type "posts" already exists (SQLSTATE 42710)
2026/02/07 15:35:46 composite error: ERROR: type "album_posts" already exists (SQLSTATE 42710)
2026/02/07 15:35:46 composite error: ERROR: type "group_members" already exists (SQLSTATE 42710)
2026/02/07 15:35:55 table public.albums failed: public.albums is not a table
2026/02/07 15:35:55 table public.invites failed: context canceled
2026/02/07 15:35:55 table public.notification_settings failed: context canceled
2026/02/07 15:35:55 table public.groups failed: context canceled
2026/02/07 15:35:55 table public.album_posts failed: context canceled
2026/02/07 15:35:55 table public.notifications failed: context canceled
2026/02/07 15:35:55 table public.group_members failed: context canceled
2026/02/07 15:35:55 table public.photos failed: context canceled
2026/02/07 15:35:55 migration failed: public.albums is not a table
2026/02/07 15:36:48 composite error: ERROR: type "trip_itineraries" already exists (SQLSTATE 42710)
2026/02/07 15:36:48 composite error: ERROR: type "group_members" already exists (SQLSTATE 42710)
2026/02/07 15:36:48 composite error: ERROR: type "invites" already exists (SQLSTATE 42710)
2026/02/07 15:36:48 composite error: ERROR: type "notifications" already exists (SQLSTATE 42710)
2026/02/07 15:36:48 composite error: ERROR: type "post_likes" already exists (SQLSTATE 42710)
2026/02/07 15:36:49 composite error: ERROR: type "post_tags" already exists (SQLSTATE 42710)
2026/02/07 15:36:49 composite error: ERROR: type "trip_budget_items" already exists (SQLSTATE 42710)
2026/02/07 15:36:49 composite error: ERROR: type "trip_transports" already exists (SQLSTATE 42710)
2026/02/07 15:36:49 composite error: ERROR: type "trips" already exists (SQLSTATE 42710)
2026/02/07 15:36:49 composite error: ERROR: type "photos" already exists (SQLSTATE 42710)
2026/02/07 15:36:49 composite error: ERROR: type "post_photos" already exists (SQLSTATE 42710)
2026/02/07 15:36:49 composite error: ERROR: type "trip_wishlists" already exists (SQLSTATE 42710)
2026/02/07 15:36:50 composite error: ERROR: type "web_push_subscriptions" already exists (SQLSTATE 42710)
2026/02/07 15:36:50 composite error: ERROR: type "album_posts" already exists (SQLSTATE 42710)
2026/02/07 15:36:50 composite error: ERROR: type "albums" already exists (SQLSTATE 42710)
2026/02/07 15:36:50 composite error: ERROR: type "post_comments" already exists (SQLSTATE 42710)
2026/02/07 15:36:50 composite error: ERROR: type "tags" already exists (SQLSTATE 42710)
2026/02/07 15:36:50 composite error: ERROR: type "trip_lodgings" already exists (SQLSTATE 42710)
2026/02/07 15:36:50 composite error: ERROR: type "trip_posts" already exists (SQLSTATE 42710)
2026/02/07 15:36:50 composite error: ERROR: type "trip_schedule_items" already exists (SQLSTATE 42710)
2026/02/07 15:36:51 composite error: ERROR: type "users" already exists (SQLSTATE 42710)
2026/02/07 15:36:51 composite error: ERROR: type "groups" already exists (SQLSTATE 42710)
2026/02/07 15:36:51 composite error: ERROR: type "notification_settings" already exists (SQLSTATE 42710)
2026/02/07 15:36:51 composite error: ERROR: type "posts" already exists (SQLSTATE 42710)
2026/02/07 15:36:51 composite error: ERROR: type "trip_albums" already exists (SQLSTATE 42710)
2026/02/07 15:36:51 composite error: ERROR: type "trip_expenses" already exists (SQLSTATE 42710)
2026/02/07 15:37:01 table public.invites failed: public.invites is not a table
2026/02/07 15:37:01 table public.albums failed: public.albums is not a table
2026/02/07 15:37:01 table public.notification_settings failed: context canceled
2026/02/07 15:37:01 table public.photos failed: context canceled
2026/02/07 15:37:01 table public.notifications failed: context canceled
2026/02/07 15:37:01 table public.group_members failed: context canceled
2026/02/07 15:37:01 table public.groups failed: context canceled
2026/02/07 15:37:01 table public.album_posts failed: context canceled
2026/02/07 15:37:01 migration failed: public.invites is not a table
2026/02/07 15:37:18 composite error: ERROR: type "group_members" already exists (SQLSTATE 42710)
2026/02/07 15:37:18 composite error: ERROR: type "groups" already exists (SQLSTATE 42710)
2026/02/07 15:37:19 composite error: ERROR: type "notification_settings" already exists (SQLSTATE 42710)
2026/02/07 15:37:19 composite error: ERROR: type "post_photos" already exists (SQLSTATE 42710)
2026/02/07 15:37:19 composite error: ERROR: type "trip_budget_items" already exists (SQLSTATE 42710)
2026/02/07 15:37:19 composite error: ERROR: type "trip_expenses" already exists (SQLSTATE 42710)
2026/02/07 15:37:19 composite error: ERROR: type "trip_lodgings" already exists (SQLSTATE 42710)
2026/02/07 15:37:19 composite error: ERROR: type "web_push_subscriptions" already exists (SQLSTATE 42710)
2026/02/07 15:37:19 composite error: ERROR: type "invites" already exists (SQLSTATE 42710)
2026/02/07 15:37:19 composite error: ERROR: type "trip_itineraries" already exists (SQLSTATE 42710)
2026/02/07 15:37:20 composite error: ERROR: type "trip_schedule_items" already exists (SQLSTATE 42710)
2026/02/07 15:37:20 composite error: ERROR: type "users" already exists (SQLSTATE 42710)
2026/02/07 15:37:20 composite error: ERROR: type "album_posts" already exists (SQLSTATE 42710)
2026/02/07 15:37:20 composite error: ERROR: type "albums" already exists (SQLSTATE 42710)
2026/02/07 15:37:20 composite error: ERROR: type "posts" already exists (SQLSTATE 42710)
2026/02/07 15:37:20 composite error: ERROR: type "trip_albums" already exists (SQLSTATE 42710)
2026/02/07 15:37:20 composite error: ERROR: type "trip_transports" already exists (SQLSTATE 42710)
2026/02/07 15:37:20 composite error: ERROR: type "trips" already exists (SQLSTATE 42710)
2026/02/07 15:37:21 composite error: ERROR: type "notifications" already exists (SQLSTATE 42710)
2026/02/07 15:37:21 composite error: ERROR: type "photos" already exists (SQLSTATE 42710)
2026/02/07 15:37:21 composite error: ERROR: type "post_comments" already exists (SQLSTATE 42710)
2026/02/07 15:37:21 composite error: ERROR: type "post_likes" already exists (SQLSTATE 42710)
2026/02/07 15:37:21 composite error: ERROR: type "post_tags" already exists (SQLSTATE 42710)
2026/02/07 15:37:21 composite error: ERROR: type "tags" already exists (SQLSTATE 42710)
2026/02/07 15:37:21 composite error: ERROR: type "trip_posts" already exists (SQLSTATE 42710)
2026/02/07 15:37:22 composite error: ERROR: type "trip_wishlists" already exists (SQLSTATE 42710)
2026/02/07 15:37:30 table public.albums failed: public.albums is not a table
2026/02/07 15:37:30 table public.album_posts failed: context canceled
2026/02/07 15:37:30 table public.invites failed: context canceled
2026/02/07 15:37:30 table public.notification_settings failed: context canceled
2026/02/07 15:37:30 table public.photos failed: context canceled
2026/02/07 15:37:30 table public.groups failed: context canceled
2026/02/07 15:37:30 table public.notifications failed: context canceled
2026/02/07 15:37:30 table public.group_members failed: context canceled
2026/02/07 15:37:30 migration failed: public.albums is not a table
2026/02/07 15:38:32 composite error: ERROR: type "post_likes" already exists (SQLSTATE 42710)
2026/02/07 15:38:32 composite error: ERROR: type "tags" already exists (SQLSTATE 42710)
2026/02/07 15:38:32 composite error: ERROR: type "trip_schedule_items" already exists (SQLSTATE 42710)
2026/02/07 15:38:32 composite error: ERROR: type "album_posts" already exists (SQLSTATE 42710)
2026/02/07 15:38:33 composite error: ERROR: type "invites" already exists (SQLSTATE 42710)
2026/02/07 15:38:33 composite error: ERROR: type "notifications" already exists (SQLSTATE 42710)
2026/02/07 15:38:33 composite error: ERROR: type "post_photos" already exists (SQLSTATE 42710)
2026/02/07 15:38:33 composite error: ERROR: type "post_tags" already exists (SQLSTATE 42710)
2026/02/07 15:38:33 composite error: ERROR: type "trip_posts" already exists (SQLSTATE 42710)
2026/02/07 15:38:34 composite error: ERROR: type "trip_transports" already exists (SQLSTATE 42710)
2026/02/07 15:38:34 composite error: ERROR: type "trip_wishlists" already exists (SQLSTATE 42710)
2026/02/07 15:38:34 composite error: ERROR: type "group_members" already exists (SQLSTATE 42710)
2026/02/07 15:38:34 composite error: ERROR: type "notification_settings" already exists (SQLSTATE 42710)
2026/02/07 15:38:34 composite error: ERROR: type "photos" already exists (SQLSTATE 42710)
2026/02/07 15:38:34 composite error: ERROR: type "trip_albums" already exists (SQLSTATE 42710)
2026/02/07 15:38:35 composite error: ERROR: type "trip_lodgings" already exists (SQLSTATE 42710)
2026/02/07 15:38:35 composite error: ERROR: type "users" already exists (SQLSTATE 42710)
2026/02/07 15:38:35 composite error: ERROR: type "albums" already exists (SQLSTATE 42710)
2026/02/07 15:38:35 composite error: ERROR: type "post_comments" already exists (SQLSTATE 42710)
2026/02/07 15:38:35 composite error: ERROR: type "posts" already exists (SQLSTATE 42710)
2026/02/07 15:38:36 composite error: ERROR: type "trip_budget_items" already exists (SQLSTATE 42710)
2026/02/07 15:38:36 composite error: ERROR: type "trip_expenses" already exists (SQLSTATE 42710)
2026/02/07 15:38:37 composite error: ERROR: type "trip_itineraries" already exists (SQLSTATE 42710)
2026/02/07 15:38:37 composite error: ERROR: type "trips" already exists (SQLSTATE 42710)
2026/02/07 15:38:37 composite error: ERROR: type "web_push_subscriptions" already exists (SQLSTATE 42710)
2026/02/07 15:38:37 composite error: ERROR: type "groups" already exists (SQLSTATE 42710)
2026/02/07 15:38:39 migration failed: ERROR: relation "albums_id_seq" does not exist (SQLSTATE 42P01)
2026/02/07 15:49:10 composite error: ERROR: type "notifications" already exists (SQLSTATE 42710)
2026/02/07 15:49:10 composite error: ERROR: type "photos" already exists (SQLSTATE 42710)
2026/02/07 15:49:10 composite error: ERROR: type "post_photos" already exists (SQLSTATE 42710)
2026/02/07 15:49:11 composite error: ERROR: type "tags" already exists (SQLSTATE 42710)
2026/02/07 15:49:11 composite error: ERROR: type "web_push_subscriptions" already exists (SQLSTATE 42710)
2026/02/07 15:49:11 composite error: ERROR: type "album_posts" already exists (SQLSTATE 42710)
2026/02/07 15:49:11 composite error: ERROR: type "notification_settings" already exists (SQLSTATE 42710)
2026/02/07 15:49:11 composite error: ERROR: type "trip_expenses" already exists (SQLSTATE 42710)
2026/02/07 15:49:11 composite error: ERROR: type "trip_itineraries" already exists (SQLSTATE 42710)
2026/02/07 15:49:11 composite error: ERROR: type "trip_schedule_items" already exists (SQLSTATE 42710)
2026/02/07 15:49:12 composite error: ERROR: type "users" already exists (SQLSTATE 42710)
2026/02/07 15:49:12 composite error: ERROR: type "group_members" already exists (SQLSTATE 42710)
2026/02/07 15:49:12 composite error: ERROR: type "invites" already exists (SQLSTATE 42710)
2026/02/07 15:49:12 composite error: ERROR: type "trip_albums" already exists (SQLSTATE 42710)
2026/02/07 15:49:12 composite error: ERROR: type "trip_lodgings" already exists (SQLSTATE 42710)
2026/02/07 15:49:12 composite error: ERROR: type "trip_transports" already exists (SQLSTATE 42710)
2026/02/07 15:49:12 composite error: ERROR: type "trip_wishlists" already exists (SQLSTATE 42710)
2026/02/07 15:49:13 composite error: ERROR: type "trips" already exists (SQLSTATE 42710)
2026/02/07 15:49:13 composite error: ERROR: type "groups" already exists (SQLSTATE 42710)
2026/02/07 15:49:13 composite error: ERROR: type "post_comments" already exists (SQLSTATE 42710)
2026/02/07 15:49:13 composite error: ERROR: type "post_likes" already exists (SQLSTATE 42710)
2026/02/07 15:49:13 composite error: ERROR: type "post_tags" already exists (SQLSTATE 42710)
2026/02/07 15:49:13 composite error: ERROR: type "posts" already exists (SQLSTATE 42710)
2026/02/07 15:49:13 composite error: ERROR: type "trip_budget_items" already exists (SQLSTATE 42710)
2026/02/07 15:49:13 composite error: ERROR: type "trip_posts" already exists (SQLSTATE 42710)
2026/02/07 15:49:14 sequence def error: ERROR: function pg_get_sequence_def(regclass) does not exist (SQLSTATE 42883)
2026/02/07 15:49:14 sequence def error: ERROR: function pg_get_sequence_def(regclass) does not exist (SQLSTATE 42883)
2026/02/07 15:49:14 sequence def error: ERROR: function pg_get_sequence_def(regclass) does not exist (SQLSTATE 42883)
2026/02/07 15:49:14 sequence def error: ERROR: function pg_get_sequence_def(regclass) does not exist (SQLSTATE 42883)
2026/02/07 15:49:14 sequence def error: ERROR: function pg_get_sequence_def(regclass) does not exist (SQLSTATE 42883)
2026/02/07 15:49:14 sequence def error: ERROR: function pg_get_sequence_def(regclass) does not exist (SQLSTATE 42883)
2026/02/07 15:49:14 sequence def error: ERROR: function pg_get_sequence_def(regclass) does not exist (SQLSTATE 42883)
2026/02/07 15:49:15 sequence def error: ERROR: function pg_get_sequence_def(regclass) does not exist (SQLSTATE 42883)
2026/02/07 15:49:15 sequence def error: ERROR: function pg_get_sequence_def(regclass) does not exist (SQLSTATE 42883)
2026/02/07 15:49:15 sequence def error: ERROR: function pg_get_sequence_def(regclass) does not exist (SQLSTATE 42883)
2026/02/07 15:49:15 sequence def error: ERROR: function pg_get_sequence_def(regclass) does not exist (SQLSTATE 42883)
2026/02/07 15:49:15 sequence def error: ERROR: function pg_get_sequence_def(regclass) does not exist (SQLSTATE 42883)
2026/02/07 15:49:15 sequence def error: ERROR: function pg_get_sequence_def(regclass) does not exist (SQLSTATE 42883)
2026/02/07 15:49:16 sequence def error: ERROR: function pg_get_sequence_def(regclass) does not exist (SQLSTATE 42883)
2026/02/07 15:49:16 sequence def error: ERROR: function pg_get_sequence_def(regclass) does not exist (SQLSTATE 42883)
2026/02/07 15:49:16 sequence def error: ERROR: function pg_get_sequence_def(regclass) does not exist (SQLSTATE 42883)
2026/02/07 15:49:16 sequence def error: ERROR: function pg_get_sequence_def(regclass) does not exist (SQLSTATE 42883)
2026/02/07 15:49:16 sequence def error: ERROR: function pg_get_sequence_def(regclass) does not exist (SQLSTATE 42883)
2026/02/07 15:49:16 sequence def error: ERROR: function pg_get_sequence_def(regclass) does not exist (SQLSTATE 42883)
2026/02/07 15:49:27 table public.albums failed: public.albums is not a table
2026/02/07 15:49:27 failed to disable FK: context canceled
2026/02/07 15:49:27 failed to disable FK: context canceled
2026/02/07 15:49:27 table public.groups failed: context canceled
2026/02/07 15:49:27 table public.notification_settings failed: context canceled
2026/02/07 15:49:27 table public.group_members failed: context canceled
2026/02/07 15:49:27 table public.album_posts failed: context canceled
2026/02/07 15:49:27 table public.invites failed: context canceled
2026/02/07 15:49:27 migration failed: public.albums is not a table
2026/02/07 16:01:27 composite error: ERROR: type "trip_posts" already exists (SQLSTATE 42710)
2026/02/07 16:01:27 composite error: ERROR: type "trips" already exists (SQLSTATE 42710)
2026/02/07 16:01:27 composite error: ERROR: type "users" already exists (SQLSTATE 42710)
2026/02/07 16:01:27 composite error: ERROR: type "web_push_subscriptions" already exists (SQLSTATE 42710)
2026/02/07 16:01:28 composite error: ERROR: type "album_posts" already exists (SQLSTATE 42710)
2026/02/07 16:01:28 composite error: ERROR: type "albums" already exists (SQLSTATE 42710)
2026/02/07 16:01:28 composite error: ERROR: type "photos" already exists (SQLSTATE 42710)
2026/02/07 16:01:28 composite error: ERROR: type "post_tags" already exists (SQLSTATE 42710)
2026/02/07 16:01:28 composite error: ERROR: type "trip_budget_items" already exists (SQLSTATE 42710)
2026/02/07 16:01:28 composite error: ERROR: type "group_members" already exists (SQLSTATE 42710)
2026/02/07 16:01:28 composite error: ERROR: type "notifications" already exists (SQLSTATE 42710)
2026/02/07 16:01:29 composite error: ERROR: type "post_likes" already exists (SQLSTATE 42710)
2026/02/07 16:01:29 composite error: ERROR: type "post_photos" already exists (SQLSTATE 42710)
2026/02/07 16:01:29 composite error: ERROR: type "tags" already exists (SQLSTATE 42710)
2026/02/07 16:01:29 composite error: ERROR: type "trip_itineraries" already exists (SQLSTATE 42710)
2026/02/07 16:01:29 composite error: ERROR: type "trip_schedule_items" already exists (SQLSTATE 42710)
2026/02/07 16:01:29 composite error: ERROR: type "trip_transports" already exists (SQLSTATE 42710)
2026/02/07 16:01:30 composite error: ERROR: type "notification_settings" already exists (SQLSTATE 42710)
2026/02/07 16:01:30 composite error: ERROR: type "post_comments" already exists (SQLSTATE 42710)
2026/02/07 16:01:30 composite error: ERROR: type "posts" already exists (SQLSTATE 42710)
2026/02/07 16:01:30 composite error: ERROR: type "trip_albums" already exists (SQLSTATE 42710)
2026/02/07 16:01:30 composite error: ERROR: type "trip_expenses" already exists (SQLSTATE 42710)
2026/02/07 16:01:30 composite error: ERROR: type "trip_wishlists" already exists (SQLSTATE 42710)
2026/02/07 16:01:31 composite error: ERROR: type "groups" already exists (SQLSTATE 42710)
2026/02/07 16:01:31 composite error: ERROR: type "invites" already exists (SQLSTATE 42710)
2026/02/07 16:01:31 composite error: ERROR: type "trip_lodgings" already exists (SQLSTATE 42710)
2026/02/07 16:01:31 sequence def error: ERROR: function pg_get_sequence_def(regclass) does not exist (SQLSTATE 42883)
2026/02/07 16:01:31 sequence def error: ERROR: function pg_get_sequence_def(regclass) does not exist (SQLSTATE 42883)
2026/02/07 16:01:31 sequence def error: ERROR: function pg_get_sequence_def(regclass) does not exist (SQLSTATE 42883)
2026/02/07 16:01:31 sequence def error: ERROR: function pg_get_sequence_def(regclass) does not exist (SQLSTATE 42883)
2026/02/07 16:01:32 sequence def error: ERROR: function pg_get_sequence_def(regclass) does not exist (SQLSTATE 42883)
2026/02/07 16:01:32 sequence def error: ERROR: function pg_get_sequence_def(regclass) does not exist (SQLSTATE 42883)
2026/02/07 16:01:32 sequence def error: ERROR: function pg_get_sequence_def(regclass) does not exist (SQLSTATE 42883)
2026/02/07 16:01:32 sequence def error: ERROR: function pg_get_sequence_def(regclass) does not exist (SQLSTATE 42883)
2026/02/07 16:01:32 sequence def error: ERROR: function pg_get_sequence_def(regclass) does not exist (SQLSTATE 42883)
2026/02/07 16:01:32 sequence def error: ERROR: function pg_get_sequence_def(regclass) does not exist (SQLSTATE 42883)
2026/02/07 16:01:32 sequence def error: ERROR: function pg_get_sequence_def(regclass) does not exist (SQLSTATE 42883)
2026/02/07 16:01:32 sequence def error: ERROR: function pg_get_sequence_def(regclass) does not exist (SQLSTATE 42883)
2026/02/07 16:01:33 sequence def error: ERROR: function pg_get_sequence_def(regclass) does not exist (SQLSTATE 42883)
2026/02/07 16:01:33 sequence def error: ERROR: function pg_get_sequence_def(regclass) does not exist (SQLSTATE 42883)
2026/02/07 16:01:33 sequence def error: ERROR: function pg_get_sequence_def(regclass) does not exist (SQLSTATE 42883)
2026/02/07 16:01:33 sequence def error: ERROR: function pg_get_sequence_def(regclass) does not exist (SQLSTATE 42883)
2026/02/07 16:01:34 sequence def error: ERROR: function pg_get_sequence_def(regclass) does not exist (SQLSTATE 42883)
2026/02/07 16:01:34 sequence def error: ERROR: function pg_get_sequence_def(regclass) does not exist (SQLSTATE 42883)
2026/02/07 16:01:34 sequence def error: ERROR: function pg_get_sequence_def(regclass) does not exist (SQLSTATE 42883)
2026/02/07 16:01:35 migration failed: ERROR: relation "albums_id_seq" does not exist (SQLSTATE 42P01)
2026/02/07 16:12:40 composite error: ERROR: type "album_posts" already exists (SQLSTATE 42710)
2026/02/07 16:12:40 composite error: ERROR: type "invites" already exists (SQLSTATE 42710)
2026/02/07 16:12:40 composite error: ERROR: type "post_photos" already exists (SQLSTATE 42710)
2026/02/07 16:12:41 composite error: ERROR: type "tags" already exists (SQLSTATE 42710)
2026/02/07 16:12:41 composite error: ERROR: type "trip_schedule_items" already exists (SQLSTATE 42710)
2026/02/07 16:12:41 composite error: ERROR: type "trip_transports" already exists (SQLSTATE 42710)
2026/02/07 16:12:41 composite error: ERROR: type "trip_wishlists" already exists (SQLSTATE 42710)
2026/02/07 16:12:41 composite error: ERROR: type "group_members" already exists (SQLSTATE 42710)
2026/02/07 16:12:41 composite error: ERROR: type "groups" already exists (SQLSTATE 42710)
2026/02/07 16:12:41 composite error: ERROR: type "notification_settings" already exists (SQLSTATE 42710)
2026/02/07 16:12:42 composite error: ERROR: type "post_likes" already exists (SQLSTATE 42710)
2026/02/07 16:12:42 composite error: ERROR: type "posts" already exists (SQLSTATE 42710)
2026/02/07 16:12:43 composite error: ERROR: type "trip_albums" already exists (SQLSTATE 42710)
2026/02/07 16:12:43 composite error: ERROR: type "users" already exists (SQLSTATE 42710)
2026/02/07 16:12:43 composite error: ERROR: type "web_push_subscriptions" already exists (SQLSTATE 42710)
2026/02/07 16:12:43 composite error: ERROR: type "notifications" already exists (SQLSTATE 42710)
2026/02/07 16:12:43 composite error: ERROR: type "trip_budget_items" already exists (SQLSTATE 42710)
2026/02/07 16:12:43 composite error: ERROR: type "trip_expenses" already exists (SQLSTATE 42710)
2026/02/07 16:12:43 composite error: ERROR: type "trip_itineraries" already exists (SQLSTATE 42710)
2026/02/07 16:12:43 composite error: ERROR: type "trip_posts" already exists (SQLSTATE 42710)
2026/02/07 16:12:44 composite error: ERROR: type "photos" already exists (SQLSTATE 42710)
2026/02/07 16:12:44 composite error: ERROR: type "post_comments" already exists (SQLSTATE 42710)
2026/02/07 16:12:44 composite error: ERROR: type "post_tags" already exists (SQLSTATE 42710)
2026/02/07 16:12:44 composite error: ERROR: type "trip_lodgings" already exists (SQLSTATE 42710)
2026/02/07 16:12:44 composite error: ERROR: type "trips" already exists (SQLSTATE 42710)
2026/02/07 16:12:44 sequence def error: ERROR: function pg_get_sequence_def(regclass) does not exist (SQLSTATE 42883)
2026/02/07 16:12:44 sequence def error: ERROR: function pg_get_sequence_def(regclass) does not exist (SQLSTATE 42883)
2026/02/07 16:12:45 sequence def error: ERROR: function pg_get_sequence_def(regclass) does not exist (SQLSTATE 42883)
2026/02/07 16:12:45 sequence def error: ERROR: function pg_get_sequence_def(regclass) does not exist (SQLSTATE 42883)
2026/02/07 16:12:45 sequence def error: ERROR: function pg_get_sequence_def(regclass) does not exist (SQLSTATE 42883)
2026/02/07 16:12:45 sequence def error: ERROR: function pg_get_sequence_def(regclass) does not exist (SQLSTATE 42883)
2026/02/07 16:12:45 sequence def error: ERROR: function pg_get_sequence_def(regclass) does not exist (SQLSTATE 42883)
2026/02/07 16:12:45 sequence def error: ERROR: function pg_get_sequence_def(regclass) does not exist (SQLSTATE 42883)
2026/02/07 16:12:45 sequence def error: ERROR: function pg_get_sequence_def(regclass) does not exist (SQLSTATE 42883)
2026/02/07 16:12:45 sequence def error: ERROR: function pg_get_sequence_def(regclass) does not exist (SQLSTATE 42883)
2026/02/07 16:12:45 sequence def error: ERROR: function pg_get_sequence_def(regclass) does not exist (SQLSTATE 42883)
2026/02/07 16:12:46 sequence def error: ERROR: function pg_get_sequence_def(regclass) does not exist (SQLSTATE 42883)
2026/02/07 16:12:46 sequence def error: ERROR: function pg_get_sequence_def(regclass) does not exist (SQLSTATE 42883)
2026/02/07 16:12:46 sequence def error: ERROR: function pg_get_sequence_def(regclass) does not exist (SQLSTATE 42883)
2026/02/07 16:12:46 sequence def error: ERROR: function pg_get_sequence_def(regclass) does not exist (SQLSTATE 42883)
2026/02/07 16:12:46 sequence def error: ERROR: function pg_get_sequence_def(regclass) does not exist (SQLSTATE 42883)
2026/02/07 16:12:46 sequence def error: ERROR: function pg_get_sequence_def(regclass) does not exist (SQLSTATE 42883)
2026/02/07 16:12:46 sequence def error: ERROR: function pg_get_sequence_def(regclass) does not exist (SQLSTATE 42883)
2026/02/07 16:12:46 sequence def error: ERROR: function pg_get_sequence_def(regclass) does not exist (SQLSTATE 42883)
2026/02/07 16:12:48 migration failed: ERROR: function pg_get_sequence_def(regclass) does not exist (SQLSTATE 42883)
2026/02/07 16:19:40 composite error: ERROR: type "notifications" already exists (SQLSTATE 42710)
2026/02/07 16:19:40 composite error: ERROR: type "post_likes" already exists (SQLSTATE 42710)
2026/02/07 16:19:40 composite error: ERROR: type "trip_albums" already exists (SQLSTATE 42710)
2026/02/07 16:19:40 composite error: ERROR: type "trip_expenses" already exists (SQLSTATE 42710)
2026/02/07 16:19:40 composite error: ERROR: type "trip_itineraries" already exists (SQLSTATE 42710)
2026/02/07 16:19:40 composite error: ERROR: type "trip_transports" already exists (SQLSTATE 42710)
2026/02/07 16:19:40 composite error: ERROR: type "trip_wishlists" already exists (SQLSTATE 42710)
2026/02/07 16:19:41 composite error: ERROR: type "groups" already exists (SQLSTATE 42710)
2026/02/07 16:19:41 composite error: ERROR: type "invites" already exists (SQLSTATE 42710)
2026/02/07 16:19:41 composite error: ERROR: type "post_comments" already exists (SQLSTATE 42710)
2026/02/07 16:19:41 composite error: ERROR: type "posts" already exists (SQLSTATE 42710)
2026/02/07 16:19:41 composite error: ERROR: type "trip_budget_items" already exists (SQLSTATE 42710)
2026/02/07 16:19:41 composite error: ERROR: type "trip_lodgings" already exists (SQLSTATE 42710)
2026/02/07 16:19:41 composite error: ERROR: type "users" already exists (SQLSTATE 42710)
2026/02/07 16:19:41 composite error: ERROR: type "group_members" already exists (SQLSTATE 42710)
2026/02/07 16:19:42 composite error: ERROR: type "photos" already exists (SQLSTATE 42710)
2026/02/07 16:19:42 composite error: ERROR: type "post_photos" already exists (SQLSTATE 42710)
2026/02/07 16:19:42 composite error: ERROR: type "post_tags" already exists (SQLSTATE 42710)
2026/02/07 16:19:42 composite error: ERROR: type "trip_schedule_items" already exists (SQLSTATE 42710)
2026/02/07 16:19:42 composite error: ERROR: type "web_push_subscriptions" already exists (SQLSTATE 42710)
2026/02/07 16:19:42 composite error: ERROR: type "album_posts" already exists (SQLSTATE 42710)
2026/02/07 16:19:42 composite error: ERROR: type "notification_settings" already exists (SQLSTATE 42710)
2026/02/07 16:19:43 composite error: ERROR: type "tags" already exists (SQLSTATE 42710)
2026/02/07 16:19:43 composite error: ERROR: type "trip_posts" already exists (SQLSTATE 42710)
2026/02/07 16:19:43 composite error: ERROR: type "trips" already exists (SQLSTATE 42710)
2026/02/07 16:19:43 sequence def error: ERROR: function pg_get_sequence_def(regclass) does not exist (SQLSTATE 42883)
2026/02/07 16:19:43 sequence def error: ERROR: function pg_get_sequence_def(regclass) does not exist (SQLSTATE 42883)
2026/02/07 16:19:43 sequence def error: ERROR: function pg_get_sequence_def(regclass) does not exist (SQLSTATE 42883)
2026/02/07 16:19:43 sequence def error: ERROR: function pg_get_sequence_def(regclass) does not exist (SQLSTATE 42883)
2026/02/07 16:19:43 sequence def error: ERROR: function pg_get_sequence_def(regclass) does not exist (SQLSTATE 42883)
2026/02/07 16:19:43 sequence def error: ERROR: function pg_get_sequence_def(regclass) does not exist (SQLSTATE 42883)
2026/02/07 16:19:44 sequence def error: ERROR: function pg_get_sequence_def(regclass) does not exist (SQLSTATE 42883)
2026/02/07 16:19:44 sequence def error: ERROR: function pg_get_sequence_def(regclass) does not exist (SQLSTATE 42883)
2026/02/07 16:19:44 sequence def error: ERROR: function pg_get_sequence_def(regclass) does not exist (SQLSTATE 42883)
2026/02/07 16:19:44 sequence def error: ERROR: function pg_get_sequence_def(regclass) does not exist (SQLSTATE 42883)
2026/02/07 16:19:44 sequence def error: ERROR: function pg_get_sequence_def(regclass) does not exist (SQLSTATE 42883)
2026/02/07 16:19:44 sequence def error: ERROR: function pg_get_sequence_def(regclass) does not exist (SQLSTATE 42883)
2026/02/07 16:19:44 sequence def error: ERROR: function pg_get_sequence_def(regclass) does not exist (SQLSTATE 42883)
2026/02/07 16:19:44 sequence def error: ERROR: function pg_get_sequence_def(regclass) does not exist (SQLSTATE 42883)
2026/02/07 16:19:45 sequence def error: ERROR: function pg_get_sequence_def(regclass) does not exist (SQLSTATE 42883)
2026/02/07 16:19:45 sequence def error: ERROR: function pg_get_sequence_def(regclass) does not exist (SQLSTATE 42883)
2026/02/07 16:19:45 sequence def error: ERROR: function pg_get_sequence_def(regclass) does not exist (SQLSTATE 42883)
2026/02/07 16:19:45 sequence def error: ERROR: function pg_get_sequence_def(regclass) does not exist (SQLSTATE 42883)
2026/02/07 16:19:45 sequence def error: ERROR: function pg_get_sequence_def(regclass) does not exist (SQLSTATE 42883)
2026/02/07 16:19:46 migration failed: ERROR: function pg_get_sequence_def(regclass) does not exist (SQLSTATE 42883)
2026/02/07 17:08:44 composite error: ERROR: type "invites" already exists (SQLSTATE 42710)
2026/02/07 17:08:44 composite error: ERROR: type "photos" already exists (SQLSTATE 42710)
2026/02/07 17:08:45 composite error: ERROR: type "post_likes" already exists (SQLSTATE 42710)
2026/02/07 17:08:45 composite error: ERROR: type "trip_lodgings" already exists (SQLSTATE 42710)
2026/02/07 17:08:45 composite error: ERROR: type "trip_wishlists" already exists (SQLSTATE 42710)
2026/02/07 17:08:45 composite error: ERROR: type "group_members" already exists (SQLSTATE 42710)
2026/02/07 17:08:45 composite error: ERROR: type "notification_settings" already exists (SQLSTATE 42710)
2026/02/07 17:08:45 composite error: ERROR: type "notifications" already exists (SQLSTATE 42710)
2026/02/07 17:08:45 composite error: ERROR: type "trip_albums" already exists (SQLSTATE 42710)
2026/02/07 17:08:45 composite error: ERROR: type "trip_expenses" already exists (SQLSTATE 42710)
2026/02/07 17:08:46 composite error: ERROR: type "trip_posts" already exists (SQLSTATE 42710)
2026/02/07 17:08:46 composite error: ERROR: type "trip_schedule_items" already exists (SQLSTATE 42710)
2026/02/07 17:08:46 composite error: ERROR: type "web_push_subscriptions" already exists (SQLSTATE 42710)
2026/02/07 17:08:46 composite error: ERROR: type "post_photos" already exists (SQLSTATE 42710)
2026/02/07 17:08:46 composite error: ERROR: type "tags" already exists (SQLSTATE 42710)
2026/02/07 17:08:47 composite error: ERROR: type "trip_budget_items" already exists (SQLSTATE 42710)
2026/02/07 17:08:47 composite error: ERROR: type "trip_itineraries" already exists (SQLSTATE 42710)
2026/02/07 17:08:47 composite error: ERROR: type "post_comments" already exists (SQLSTATE 42710)
2026/02/07 17:08:47 composite error: ERROR: type "post_tags" already exists (SQLSTATE 42710)
2026/02/07 17:08:47 composite error: ERROR: type "posts" already exists (SQLSTATE 42710)
2026/02/07 17:08:47 composite error: ERROR: type "trip_transports" already exists (SQLSTATE 42710)
2026/02/07 17:08:48 composite error: ERROR: type "trips" already exists (SQLSTATE 42710)
2026/02/07 17:08:48 composite error: ERROR: type "users" already exists (SQLSTATE 42710)
2026/02/07 17:08:48 composite error: ERROR: type "album_posts" already exists (SQLSTATE 42710)
2026/02/07 17:08:48 composite error: ERROR: type "groups" already exists (SQLSTATE 42710)
2026/02/07 17:09:32 constraint error: ERROR: relation "album_posts_pkey" already exists (SQLSTATE 42P07)
2026/02/07 17:09:32 constraint error: context canceled
2026/02/07 17:09:32 constraint error: context canceled
2026/02/07 17:09:32 constraint error: context canceled
2026/02/07 17:09:32 constraint error: context canceled
2026/02/07 17:09:32 constraint error: context canceled
2026/02/07 17:09:32 constraint error: context canceled
2026/02/07 17:09:32 constraint error: context canceled
2026/02/07 17:09:32 migration failed: ERROR: relation "album_posts_pkey" already exists (SQLSTATE 42P07)
2026/02/07 17:21:04 composite error: ERROR: type "trip_expenses" already exists (SQLSTATE 42710)
2026/02/07 17:21:04 composite error: ERROR: type "trip_posts" already exists (SQLSTATE 42710)
2026/02/07 17:21:04 composite error: ERROR: type "trip_schedule_items" already exists (SQLSTATE 42710)
2026/02/07 17:21:04 composite error: ERROR: type "trip_wishlists" already exists (SQLSTATE 42710)
2026/02/07 17:21:05 composite error: ERROR: type "trips" already exists (SQLSTATE 42710)
2026/02/07 17:21:05 composite error: ERROR: type "users" already exists (SQLSTATE 42710)
2026/02/07 17:21:05 composite error: ERROR: type "web_push_subscriptions" already exists (SQLSTATE 42710)
2026/02/07 17:21:05 composite error: ERROR: type "post_photos" already exists (SQLSTATE 42710)
2026/02/07 17:21:05 composite error: ERROR: type "posts" already exists (SQLSTATE 42710)
2026/02/07 17:21:05 composite error: ERROR: type "tags" already exists (SQLSTATE 42710)
2026/02/07 17:21:05 composite error: ERROR: type "albums" already exists (SQLSTATE 42710)
2026/02/07 17:21:05 composite error: ERROR: type "group_members" already exists (SQLSTATE 42710)
2026/02/07 17:21:06 composite error: ERROR: type "invites" already exists (SQLSTATE 42710)
2026/02/07 17:21:06 composite error: ERROR: type "notification_settings" already exists (SQLSTATE 42710)
2026/02/07 17:21:06 composite error: ERROR: type "notifications" already exists (SQLSTATE 42710)
2026/02/07 17:21:06 composite error: ERROR: type "post_likes" already exists (SQLSTATE 42710)
2026/02/07 17:21:06 composite error: ERROR: type "post_tags" already exists (SQLSTATE 42710)
2026/02/07 17:21:06 composite error: ERROR: type "album_posts" already exists (SQLSTATE 42710)
2026/02/07 17:21:06 composite error: ERROR: type "groups" already exists (SQLSTATE 42710)
2026/02/07 17:21:06 composite error: ERROR: type "photos" already exists (SQLSTATE 42710)
2026/02/07 17:21:07 composite error: ERROR: type "trip_albums" already exists (SQLSTATE 42710)
2026/02/07 17:21:07 composite error: ERROR: type "trip_budget_items" already exists (SQLSTATE 42710)
2026/02/07 17:21:07 composite error: ERROR: type "trip_itineraries" already exists (SQLSTATE 42710)
2026/02/07 17:21:07 composite error: ERROR: type "trip_lodgings" already exists (SQLSTATE 42710)
2026/02/07 17:21:07 composite error: ERROR: type "trip_transports" already exists (SQLSTATE 42710)
2026/02/07 17:21:08 composite error: ERROR: type "post_comments" already exists (SQLSTATE 42710)
2026/02/07 17:21:08 migration failed: ERROR: relation "albums_id_seq" already exists (SQLSTATE 42P07)
2026/02/07 17:40:11 table public.album_posts failed: public.album_posts is not a table
2026/02/07 17:40:11 failed to disable FK: context canceled
2026/02/07 17:40:11 failed to disable FK: context canceled
2026/02/07 17:40:11 table public.albums failed: context canceled
2026/02/07 17:40:11 table public.group_members failed: context canceled
2026/02/07 17:40:11 failed to disable FK: context canceled
2026/02/07 17:40:11 failed to disable FK: context canceled
2026/02/07 17:40:11 failed to disable FK: context canceled
2026/02/07 17:40:11 migration failed: public.album_posts is not a table
2026/02/07 17:47:38 constraint error: ERROR: relation "albums_pkey" already exists (SQLSTATE 42P07)
2026/02/07 17:47:38 constraint error: context canceled
2026/02/07 17:47:38 constraint error: context canceled
2026/02/07 17:47:38 constraint error: context canceled
2026/02/07 17:47:38 constraint worker connect error: failed to connect to `host=shinkansen.proxy.rlwy.net user=postgres database=railway`: dial error (dial tcp [64:ff9b::4221:16e7]:36773: operation was canceled)
2026/02/07 17:47:38 constraint error: ERROR: relation "album_posts_pkey" already exists (SQLSTATE 42P07)
2026/02/07 17:47:38 constraint worker connect error: failed to connect to `host=shinkansen.proxy.rlwy.net user=postgres database=railway`: dial error (dial tcp [64:ff9b::4221:16e7]:36773: operation was canceled)
2026/02/07 17:47:38 constraint error: context canceled
2026/02/07 17:47:38 migration failed: ERROR: relation "albums_pkey" already exists (SQLSTATE 42P07)
2026/02/07 18:13:28 composite error: ERROR: type "posts" already exists (SQLSTATE 42710)
2026/02/07 18:13:28 composite error: ERROR: type "albums" already exists (SQLSTATE 42710)
2026/02/07 18:13:28 composite error: ERROR: type "groups" already exists (SQLSTATE 42710)
2026/02/07 18:13:29 composite error: ERROR: type "notifications" already exists (SQLSTATE 42710)
2026/02/07 18:13:29 composite error: ERROR: type "post_likes" already exists (SQLSTATE 42710)
2026/02/07 18:13:29 composite error: ERROR: type "post_tags" already exists (SQLSTATE 42710)
2026/02/07 18:13:29 composite error: ERROR: type "trip_schedule_items" already exists (SQLSTATE 42710)
2026/02/07 18:13:29 composite error: ERROR: type "trip_transports" already exists (SQLSTATE 42710)
2026/02/07 18:13:29 composite error: ERROR: type "album_posts" already exists (SQLSTATE 42710)
2026/02/07 18:13:29 composite error: ERROR: type "group_members" already exists (SQLSTATE 42710)
2026/02/07 18:13:29 composite error: ERROR: type "trip_albums" already exists (SQLSTATE 42710)
2026/02/07 18:13:30 composite error: ERROR: type "trip_wishlists" already exists (SQLSTATE 42710)
2026/02/07 18:13:30 composite error: ERROR: type "users" already exists (SQLSTATE 42710)
2026/02/07 18:13:30 composite error: ERROR: type "web_push_subscriptions" already exists (SQLSTATE 42710)
2026/02/07 18:13:30 composite error: ERROR: type "tags" already exists (SQLSTATE 42710)
2026/02/07 18:13:30 composite error: ERROR: type "photos" already exists (SQLSTATE 42710)
2026/02/07 18:13:30 composite error: ERROR: type "post_comments" already exists (SQLSTATE 42710)
2026/02/07 18:13:30 composite error: ERROR: type "post_photos" already exists (SQLSTATE 42710)
2026/02/07 18:13:30 composite error: ERROR: type "trip_expenses" already exists (SQLSTATE 42710)
2026/02/07 18:13:30 composite error: ERROR: type "trip_posts" already exists (SQLSTATE 42710)
2026/02/07 18:13:31 composite error: ERROR: type "invites" already exists (SQLSTATE 42710)
2026/02/07 18:13:32 composite error: ERROR: type "notification_settings" already exists (SQLSTATE 42710)
2026/02/07 18:13:32 composite error: ERROR: type "trip_budget_items" already exists (SQLSTATE 42710)
2026/02/07 18:13:32 composite error: ERROR: type "trip_itineraries" already exists (SQLSTATE 42710)
2026/02/07 18:13:32 composite error: ERROR: type "trip_lodgings" already exists (SQLSTATE 42710)
2026/02/07 18:13:32 composite error: ERROR: type "trips" already exists (SQLSTATE 42710)
2026/02/07 18:14:11 constraint error: ERROR: relation "album_posts_pkey" already exists (SQLSTATE 42P07)
2026/02/07 18:14:11 constraint error: context canceled
2026/02/07 18:14:11 constraint error: context canceled
2026/02/07 18:14:11 constraint error: context canceled
2026/02/07 18:14:11 constraint error: context canceled
2026/02/07 18:14:11 constraint exists check error: context canceled
2026/02/07 18:14:11 constraint exists check error: context canceled
2026/02/07 18:14:11 constraint error: context canceled
2026/02/07 18:14:11 migration failed: ERROR: relation "album_posts_pkey" already exists (SQLSTATE 42P07)
2026/02/07 18:59:01 composite error: ERROR: type "albums" already exists (SQLSTATE 42710)
2026/02/07 18:59:01 composite error: ERROR: type "groups" already exists (SQLSTATE 42710)
2026/02/07 18:59:01 composite error: ERROR: type "posts" already exists (SQLSTATE 42710)
2026/02/07 18:59:01 composite error: ERROR: type "trip_expenses" already exists (SQLSTATE 42710)
2026/02/07 18:59:01 composite error: ERROR: type "trip_lodgings" already exists (SQLSTATE 42710)
2026/02/07 18:59:01 composite error: ERROR: type "notification_settings" already exists (SQLSTATE 42710)
2026/02/07 18:59:02 composite error: ERROR: type "photos" already exists (SQLSTATE 42710)
2026/02/07 18:59:02 composite error: ERROR: type "post_comments" already exists (SQLSTATE 42710)
2026/02/07 18:59:02 composite error: ERROR: type "post_likes" already exists (SQLSTATE 42710)
2026/02/07 18:59:02 composite error: ERROR: type "post_photos" already exists (SQLSTATE 42710)
2026/02/07 18:59:02 composite error: ERROR: type "tags" already exists (SQLSTATE 42710)
2026/02/07 18:59:02 composite error: ERROR: type "trip_budget_items" already exists (SQLSTATE 42710)
2026/02/07 18:59:02 composite error: ERROR: type "trip_itineraries" already exists (SQLSTATE 42710)
2026/02/07 18:59:02 composite error: ERROR: type "invites" already exists (SQLSTATE 42710)
2026/02/07 18:59:03 composite error: ERROR: type "post_tags" already exists (SQLSTATE 42710)
2026/02/07 18:59:03 composite error: ERROR: type "trip_posts" already exists (SQLSTATE 42710)
2026/02/07 18:59:03 composite error: ERROR: type "trip_schedule_items" already exists (SQLSTATE 42710)
2026/02/07 18:59:03 composite error: ERROR: type "trip_transports" already exists (SQLSTATE 42710)
2026/02/07 18:59:03 composite error: ERROR: type "trip_wishlists" already exists (SQLSTATE 42710)
2026/02/07 18:59:03 composite error: ERROR: type "web_push_subscriptions" already exists (SQLSTATE 42710)
2026/02/07 18:59:03 composite error: ERROR: type "album_posts" already exists (SQLSTATE 42710)
2026/02/07 18:59:04 composite error: ERROR: type "group_members" already exists (SQLSTATE 42710)
2026/02/07 18:59:04 composite error: ERROR: type "notifications" already exists (SQLSTATE 42710)
2026/02/07 18:59:04 composite error: ERROR: type "trip_albums" already exists (SQLSTATE 42710)
2026/02/07 18:59:04 composite error: ERROR: type "trips" already exists (SQLSTATE 42710)
2026/02/07 18:59:04 composite error: ERROR: type "users" already exists (SQLSTATE 42710)
2026/02/07 18:59:04 migration failed: ERROR: relation "albums_id_seq" already exists (SQLSTATE 42P07)
2026/02/07 18:59:30 composite error: ERROR: type "trip_expenses" already exists (SQLSTATE 42710)
2026/02/07 18:59:30 composite error: ERROR: type "albums" already exists (SQLSTATE 42710)
2026/02/07 18:59:30 composite error: ERROR: type "groups" already exists (SQLSTATE 42710)
2026/02/07 18:59:30 composite error: ERROR: type "notifications" already exists (SQLSTATE 42710)
2026/02/07 18:59:30 composite error: ERROR: type "post_tags" already exists (SQLSTATE 42710)
2026/02/07 18:59:30 composite error: ERROR: type "trip_budget_items" already exists (SQLSTATE 42710)
2026/02/07 18:59:30 composite error: ERROR: type "trip_lodgings" already exists (SQLSTATE 42710)
2026/02/07 18:59:30 composite error: ERROR: type "trip_transports" already exists (SQLSTATE 42710)
2026/02/07 18:59:31 composite error: ERROR: type "trip_wishlists" already exists (SQLSTATE 42710)
2026/02/07 18:59:31 composite error: ERROR: type "group_members" already exists (SQLSTATE 42710)
2026/02/07 18:59:31 composite error: ERROR: type "tags" already exists (SQLSTATE 42710)
2026/02/07 18:59:31 composite error: ERROR: type "trip_schedule_items" already exists (SQLSTATE 42710)
2026/02/07 18:59:31 composite error: ERROR: type "trips" already exists (SQLSTATE 42710)
2026/02/07 18:59:31 composite error: ERROR: type "users" already exists (SQLSTATE 42710)
2026/02/07 18:59:31 composite error: ERROR: type "web_push_subscriptions" already exists (SQLSTATE 42710)
2026/02/07 18:59:31 composite error: ERROR: type "post_comments" already exists (SQLSTATE 42710)
2026/02/07 18:59:32 composite error: ERROR: type "posts" already exists (SQLSTATE 42710)
2026/02/07 18:59:32 composite error: ERROR: type "trip_itineraries" already exists (SQLSTATE 42710)
2026/02/07 18:59:32 composite error: ERROR: type "trip_posts" already exists (SQLSTATE 42710)
2026/02/07 18:59:32 composite error: ERROR: type "album_posts" already exists (SQLSTATE 42710)
2026/02/07 18:59:32 composite error: ERROR: type "invites" already exists (SQLSTATE 42710)
2026/02/07 18:59:32 composite error: ERROR: type "notification_settings" already exists (SQLSTATE 42710)
2026/02/07 18:59:32 composite error: ERROR: type "photos" already exists (SQLSTATE 42710)
2026/02/07 18:59:32 composite error: ERROR: type "post_likes" already exists (SQLSTATE 42710)
2026/02/07 18:59:32 composite error: ERROR: type "post_photos" already exists (SQLSTATE 42710)
2026/02/07 18:59:33 composite error: ERROR: type "trip_albums" already exists (SQLSTATE 42710)
2026/02/07 18:59:33 migration failed: ERROR: relation "albums_id_seq" already exists (SQLSTATE 42P07)
2026/02/07 18:59:46 composite error: ERROR: type "notifications" already exists (SQLSTATE 42710)
2026/02/07 18:59:46 composite error: ERROR: type "post_comments" already exists (SQLSTATE 42710)
2026/02/07 18:59:46 composite error: ERROR: type "trip_albums" already exists (SQLSTATE 42710)
2026/02/07 18:59:47 composite error: ERROR: type "users" already exists (SQLSTATE 42710)
2026/02/07 18:59:47 composite error: ERROR: type "web_push_subscriptions" already exists (SQLSTATE 42710)
2026/02/07 18:59:47 composite error: ERROR: type "post_tags" already exists (SQLSTATE 42710)
2026/02/07 18:59:47 composite error: ERROR: type "posts" already exists (SQLSTATE 42710)
2026/02/07 18:59:47 composite error: ERROR: type "trip_expenses" already exists (SQLSTATE 42710)
2026/02/07 18:59:47 composite error: ERROR: type "trip_lodgings" already exists (SQLSTATE 42710)
2026/02/07 18:59:47 composite error: ERROR: type "trip_posts" already exists (SQLSTATE 42710)
2026/02/07 18:59:47 composite error: ERROR: type "trip_schedule_items" already exists (SQLSTATE 42710)
2026/02/07 18:59:47 composite error: ERROR: type "trip_wishlists" already exists (SQLSTATE 42710)
2026/02/07 18:59:48 composite error: ERROR: type "groups" already exists (SQLSTATE 42710)
2026/02/07 18:59:48 composite error: ERROR: type "notification_settings" already exists (SQLSTATE 42710)
2026/02/07 18:59:48 composite error: ERROR: type "photos" already exists (SQLSTATE 42710)
2026/02/07 18:59:48 composite error: ERROR: type "post_likes" already exists (SQLSTATE 42710)
2026/02/07 18:59:48 composite error: ERROR: type "trip_itineraries" already exists (SQLSTATE 42710)
2026/02/07 18:59:48 composite error: ERROR: type "album_posts" already exists (SQLSTATE 42710)
2026/02/07 18:59:48 composite error: ERROR: type "post_photos" already exists (SQLSTATE 42710)
2026/02/07 18:59:48 composite error: ERROR: type "tags" already exists (SQLSTATE 42710)
2026/02/07 18:59:49 composite error: ERROR: type "trip_budget_items" already exists (SQLSTATE 42710)
2026/02/07 18:59:49 composite error: ERROR: type "trip_transports" already exists (SQLSTATE 42710)
2026/02/07 18:59:49 composite error: ERROR: type "trips" already exists (SQLSTATE 42710)
2026/02/07 18:59:49 composite error: ERROR: type "albums" already exists (SQLSTATE 42710)
2026/02/07 18:59:49 composite error: ERROR: type "group_members" already exists (SQLSTATE 42710)
2026/02/07 18:59:49 composite error: ERROR: type "invites" already exists (SQLSTATE 42710)
2026/02/07 18:59:50 migration failed: ERROR: relation "albums_id_seq" already exists (SQLSTATE 42P07)
2026/02/07 19:29:42 composite error: ERROR: type "trip_transports" already exists (SQLSTATE 42710)
2026/02/07 19:29:42 composite error: ERROR: type "trip_wishlists" already exists (SQLSTATE 42710)
2026/02/07 19:29:42 composite error: ERROR: type "invites" already exists (SQLSTATE 42710)
2026/02/07 19:29:42 composite error: ERROR: type "post_photos" already exists (SQLSTATE 42710)
2026/02/07 19:29:42 composite error: ERROR: type "trip_expenses" already exists (SQLSTATE 42710)
2026/02/07 19:29:43 composite error: ERROR: type "trip_itineraries" already exists (SQLSTATE 42710)
2026/02/07 19:29:43 composite error: ERROR: type "trip_posts" already exists (SQLSTATE 42710)
2026/02/07 19:29:44 composite error: ERROR: type "trips" already exists (SQLSTATE 42710)
2026/02/07 19:29:44 composite error: ERROR: type "groups" already exists (SQLSTATE 42710)
2026/02/07 19:29:44 composite error: ERROR: type "photos" already exists (SQLSTATE 42710)
2026/02/07 19:29:44 composite error: ERROR: type "post_comments" already exists (SQLSTATE 42710)
2026/02/07 19:29:44 composite error: ERROR: type "posts" already exists (SQLSTATE 42710)
2026/02/07 19:29:44 composite error: ERROR: type "tags" already exists (SQLSTATE 42710)
2026/02/07 19:29:44 composite error: ERROR: type "trip_albums" already exists (SQLSTATE 42710)
2026/02/07 19:29:44 composite error: ERROR: type "trip_budget_items" already exists (SQLSTATE 42710)
2026/02/07 19:29:45 composite error: ERROR: type "users" already exists (SQLSTATE 42710)
2026/02/07 19:29:45 composite error: ERROR: type "album_posts" already exists (SQLSTATE 42710)
2026/02/07 19:29:45 composite error: ERROR: type "group_members" already exists (SQLSTATE 42710)
2026/02/07 19:29:45 composite error: ERROR: type "notification_settings" already exists (SQLSTATE 42710)
2026/02/07 19:29:45 composite error: ERROR: type "post_tags" already exists (SQLSTATE 42710)
2026/02/07 19:29:45 composite error: ERROR: type "trip_schedule_items" already exists (SQLSTATE 42710)
2026/02/07 19:29:45 composite error: ERROR: type "web_push_subscriptions" already exists (SQLSTATE 42710)
2026/02/07 19:29:45 composite error: ERROR: type "albums" already exists (SQLSTATE 42710)
2026/02/07 19:29:46 composite error: ERROR: type "notifications" already exists (SQLSTATE 42710)
2026/02/07 19:29:46 composite error: ERROR: type "post_likes" already exists (SQLSTATE 42710)
2026/02/07 19:29:46 composite error: ERROR: type "trip_lodgings" already exists (SQLSTATE 42710)
2026/02/07 19:29:46 migration failed: ERROR: relation "albums_id_seq" already exists (SQLSTATE 42P07)
2026/02/07 19:30:12 composite error: ERROR: type "post_likes" already exists (SQLSTATE 42710)
2026/02/07 19:30:12 composite error: ERROR: type "trip_lodgings" already exists (SQLSTATE 42710)
2026/02/07 19:30:12 composite error: ERROR: type "group_members" already exists (SQLSTATE 42710)
2026/02/07 19:30:12 composite error: ERROR: type "notification_settings" already exists (SQLSTATE 42710)
2026/02/07 19:30:12 composite error: ERROR: type "post_tags" already exists (SQLSTATE 42710)
2026/02/07 19:30:12 composite error: ERROR: type "tags" already exists (SQLSTATE 42710)
2026/02/07 19:30:12 composite error: ERROR: type "trip_expenses" already exists (SQLSTATE 42710)
2026/02/07 19:30:13 composite error: ERROR: type "trip_itineraries" already exists (SQLSTATE 42710)
2026/02/07 19:30:13 composite error: ERROR: type "trip_transports" already exists (SQLSTATE 42710)
2026/02/07 19:30:13 composite error: ERROR: type "users" already exists (SQLSTATE 42710)
2026/02/07 19:30:13 composite error: ERROR: type "albums" already exists (SQLSTATE 42710)
2026/02/07 19:30:13 composite error: ERROR: type "invites" already exists (SQLSTATE 42710)
2026/02/07 19:30:13 composite error: ERROR: type "notifications" already exists (SQLSTATE 42710)
2026/02/07 19:30:13 composite error: ERROR: type "post_comments" already exists (SQLSTATE 42710)
2026/02/07 19:30:13 composite error: ERROR: type "post_photos" already exists (SQLSTATE 42710)
2026/02/07 19:30:14 composite error: ERROR: type "posts" already exists (SQLSTATE 42710)
2026/02/07 19:30:14 composite error: ERROR: type "trip_albums" already exists (SQLSTATE 42710)
2026/02/07 19:30:14 composite error: ERROR: type "trip_posts" already exists (SQLSTATE 42710)
2026/02/07 19:30:14 composite error: ERROR: type "trip_budget_items" already exists (SQLSTATE 42710)
2026/02/07 19:30:14 composite error: ERROR: type "trip_schedule_items" already exists (SQLSTATE 42710)
2026/02/07 19:30:14 composite error: ERROR: type "trip_wishlists" already exists (SQLSTATE 42710)
2026/02/07 19:30:14 composite error: ERROR: type "trips" already exists (SQLSTATE 42710)
2026/02/07 19:30:14 composite error: ERROR: type "web_push_subscriptions" already exists (SQLSTATE 42710)
2026/02/07 19:30:14 composite error: ERROR: type "album_posts" already exists (SQLSTATE 42710)
2026/02/07 19:30:15 composite error: ERROR: type "groups" already exists (SQLSTATE 42710)
2026/02/07 19:30:15 composite error: ERROR: type "photos" already exists (SQLSTATE 42710)
2026/02/07 19:30:15 migration failed: ERROR: relation "albums_id_seq" already exists (SQLSTATE 42P07)
2026/02/07 19:31:16 composite error: ERROR: type "trip_wishlists" already exists (SQLSTATE 42710)
2026/02/07 19:31:16 composite error: ERROR: type "users" already exists (SQLSTATE 42710)
2026/02/07 19:31:16 composite error: ERROR: type "group_members" already exists (SQLSTATE 42710)
2026/02/07 19:31:16 composite error: ERROR: type "post_comments" already exists (SQLSTATE 42710)
2026/02/07 19:31:17 composite error: ERROR: type "post_tags" already exists (SQLSTATE 42710)
2026/02/07 19:31:17 composite error: ERROR: type "trip_albums" already exists (SQLSTATE 42710)
2026/02/07 19:31:17 composite error: ERROR: type "trip_budget_items" already exists (SQLSTATE 42710)
2026/02/07 19:31:17 composite error: ERROR: type "trip_schedule_items" already exists (SQLSTATE 42710)
2026/02/07 19:31:17 composite error: ERROR: type "trips" already exists (SQLSTATE 42710)
2026/02/07 19:31:17 composite error: ERROR: type "albums" already exists (SQLSTATE 42710)
2026/02/07 19:31:17 composite error: ERROR: type "notifications" already exists (SQLSTATE 42710)
2026/02/07 19:31:17 composite error: ERROR: type "trip_itineraries" already exists (SQLSTATE 42710)
2026/02/07 19:31:18 composite error: ERROR: type "trip_lodgings" already exists (SQLSTATE 42710)
2026/02/07 19:31:18 composite error: ERROR: type "trip_transports" already exists (SQLSTATE 42710)
2026/02/07 19:31:18 composite error: ERROR: type "web_push_subscriptions" already exists (SQLSTATE 42710)
2026/02/07 19:31:18 composite error: ERROR: type "album_posts" already exists (SQLSTATE 42710)
2026/02/07 19:31:18 composite error: ERROR: type "post_photos" already exists (SQLSTATE 42710)
2026/02/07 19:31:18 composite error: ERROR: type "posts" already exists (SQLSTATE 42710)
2026/02/07 19:31:18 composite error: ERROR: type "trip_expenses" already exists (SQLSTATE 42710)
2026/02/07 19:31:18 composite error: ERROR: type "trip_posts" already exists (SQLSTATE 42710)
2026/02/07 19:31:19 composite error: ERROR: type "groups" already exists (SQLSTATE 42710)
2026/02/07 19:31:19 composite error: ERROR: type "invites" already exists (SQLSTATE 42710)
2026/02/07 19:31:19 composite error: ERROR: type "notification_settings" already exists (SQLSTATE 42710)
2026/02/07 19:31:19 composite error: ERROR: type "photos" already exists (SQLSTATE 42710)
2026/02/07 19:31:19 composite error: ERROR: type "post_likes" already exists (SQLSTATE 42710)
2026/02/07 19:31:19 composite error: ERROR: type "tags" already exists (SQLSTATE 42710)
2026/02/07 19:31:19 migration failed: ERROR: relation "albums_id_seq" already exists (SQLSTATE 42P07)
2026/02/07 19:40:49 table public.album_posts failed: public.album_posts is not a table
2026/02/07 19:40:49 table public.groups failed: context canceled
2026/02/07 19:40:49 table public.albums failed: context canceled
2026/02/07 19:40:49 table public.group_members failed: context canceled
2026/02/07 19:40:49 table public.notification_settings failed: context canceled
2026/02/07 19:40:49 failed to disable FK: context canceled
2026/02/07 19:40:49 table public.invites failed: context canceled
2026/02/07 19:40:49 worker dst connect error: failed to connect to `host=ballast.proxy.rlwy.net user=postgres database=railway`: dial error (dial tcp [64:ff9b::4221:16f8]:43016: operation was canceled)
2026/02/07 19:40:49 migration failed: public.album_posts is not a table
2026/02/07 19:41:30 table public.album_posts failed: public.album_posts is not a table
2026/02/07 19:41:30 table public.albums failed: context canceled
2026/02/07 19:41:30 failed to disable FK: context canceled
2026/02/07 19:41:30 failed to disable FK: context canceled
2026/02/07 19:41:30 failed to disable FK: context canceled
2026/02/07 19:41:30 table public.invites failed: context canceled
2026/02/07 19:41:30 table public.groups failed: context canceled
2026/02/07 19:41:30 table public.group_members failed: context canceled
2026/02/07 19:41:30 migration failed: public.album_posts is not a table
2026/02/07 20:04:13 table public.album_posts failed: public.album_posts is not a table
2026/02/07 20:04:13 table public.invites failed: context canceled
2026/02/07 20:04:13 table public.groups failed: context canceled
2026/02/07 20:04:13 table public.notifications failed: context canceled
2026/02/07 20:04:13 table public.group_members failed: context canceled
2026/02/07 20:04:13 table public.notification_settings failed: context canceled
2026/02/07 20:04:13 table public.albums failed: context canceled
2026/02/07 20:04:13 worker dst connect error: failed to connect to `host=ballast.proxy.rlwy.net user=postgres database=railway`: dial error (dial tcp [64:ff9b::4221:16f8]:43016: operation was canceled)
2026/02/07 20:04:13 migration failed: public.album_posts is not a table
2026/02/08 11:03:57 table public.album_posts failed: public.album_posts is not a table
2026/02/08 11:03:57 worker dst connect error: failed to connect to `host=nozomi.proxy.rlwy.net user=postgres database=railway`: dial error (dial tcp 66.33.22.249:50175: operation was canceled)
2026/02/08 11:03:57 failed to disable FK: context canceled
2026/02/08 11:03:57 worker dst connect error: failed to connect to `host=nozomi.proxy.rlwy.net user=postgres database=railway`: dial error (dial tcp 66.33.22.249:50175: operation was canceled)
2026/02/08 11:03:57 worker dst connect error: failed to connect to `host=nozomi.proxy.rlwy.net user=postgres database=railway`: dial error (dial tcp 66.33.22.249:50175: operation was canceled)
2026/02/08 11:03:57 failed to disable FK: context canceled
2026/02/08 11:03:57 worker dst connect error: failed to connect to `host=nozomi.proxy.rlwy.net user=postgres database=railway`: dial error (dial tcp 66.33.22.249:50175: operation was canceled)
2026/02/08 11:03:57 failed to disable FK: context canceled
2026/02/08 11:03:57 migration failed: public.album_posts is not a table
2026/02/08 11:33:45 constraint error: ERROR: relation "albums_pkey" already exists (SQLSTATE 42P07)
2026/02/08 11:33:46 constraint error: context canceled
2026/02/08 11:33:46 constraint error: context canceled
2026/02/08 11:33:45 constraint error: ERROR: relation "album_posts_pkey" already exists (SQLSTATE 42P07)
2026/02/08 11:33:46 constraint error: context canceled
2026/02/08 11:33:46 constraint error: context canceled
2026/02/08 11:33:46 constraint error: context canceled
2026/02/08 11:33:46 constraint worker connect error: failed to connect to `host=nozomi.proxy.rlwy.net user=postgres database=railway`: dial error (dial tcp 66.33.22.249:50175: operation was canceled)
2026/02/08 11:33:46 migration failed: ERROR: relation "albums_pkey" already exists (SQLSTATE 42P07)
